<?xml version="1.0" encoding="UTF-8"?>
<coverage generated="1616231373963" clover="3.2.0">
  <project timestamp="1616231373963" name="All files">
    <metrics statements="281" coveredstatements="262" conditionals="51" coveredconditionals="40" methods="10" coveredmethods="10" elements="342" coveredelements="312" complexity="0" loc="281" ncloc="281" packages="1" files="1" classes="1"/>
    <file name="engine.js" path="/Users/sharukhpasha/Documents/Projects/trny/engine.js">
      <metrics statements="281" coveredstatements="262" conditionals="51" coveredconditionals="40" methods="10" coveredmethods="10"/>
      <line num="1" count="1" type="stmt"/>
      <line num="2" count="1" type="stmt"/>
      <line num="3" count="1" type="stmt"/>
      <line num="4" count="1" type="stmt"/>
      <line num="5" count="1" type="stmt"/>
      <line num="6" count="1" type="stmt"/>
      <line num="7" count="1" type="stmt"/>
      <line num="8" count="1" type="stmt"/>
      <line num="9" count="1" type="stmt"/>
      <line num="10" count="10" type="cond" truecount="1" falsecount="0"/>
      <line num="11" count="10" type="cond" truecount="1" falsecount="0"/>
      <line num="12" count="20" type="cond" truecount="1" falsecount="0"/>
      <line num="13" count="9" type="stmt"/>
      <line num="14" count="9" type="stmt"/>
      <line num="15" count="20" type="stmt"/>
      <line num="16" count="1" type="cond" truecount="1" falsecount="0"/>
      <line num="17" count="1" type="stmt"/>
      <line num="18" count="1" type="stmt"/>
      <line num="19" count="1" type="stmt"/>
      <line num="20" count="10" type="cond" truecount="1" falsecount="0"/>
      <line num="21" count="10" type="cond" truecount="0" falsecount="1"/>
      <line num="22" count="0" type="stmt"/>
      <line num="23" count="0" type="stmt"/>
      <line num="24" count="10" type="stmt"/>
      <line num="25" count="10" type="stmt"/>
      <line num="26" count="10" type="stmt"/>
      <line num="27" count="10" type="stmt"/>
      <line num="28" count="10" type="stmt"/>
      <line num="29" count="10" type="cond" truecount="1" falsecount="0"/>
      <line num="30" count="5" type="stmt"/>
      <line num="31" count="5" type="stmt"/>
      <line num="32" count="5" type="stmt"/>
      <line num="33" count="5" type="stmt"/>
      <line num="34" count="5" type="stmt"/>
      <line num="35" count="5" type="stmt"/>
      <line num="36" count="5" type="cond" truecount="1" falsecount="0"/>
      <line num="37" count="2" type="stmt"/>
      <line num="38" count="2" type="stmt"/>
      <line num="39" count="2" type="stmt"/>
      <line num="40" count="2" type="stmt"/>
      <line num="41" count="5" type="cond" truecount="1" falsecount="0"/>
      <line num="42" count="3" type="stmt"/>
      <line num="43" count="3" type="stmt"/>
      <line num="44" count="5" type="stmt"/>
      <line num="45" count="5" type="stmt"/>
      <line num="46" count="5" type="stmt"/>
      <line num="47" count="10" type="stmt"/>
      <line num="48" count="1" type="stmt"/>
      <line num="49" count="19" type="cond" truecount="1" falsecount="0"/>
      <line num="50" count="19" type="cond" truecount="0" falsecount="1"/>
      <line num="51" count="0" type="stmt"/>
      <line num="52" count="0" type="stmt"/>
      <line num="53" count="19" type="stmt"/>
      <line num="54" count="19" type="stmt"/>
      <line num="55" count="19" type="stmt"/>
      <line num="56" count="19" type="stmt"/>
      <line num="57" count="19" type="stmt"/>
      <line num="58" count="19" type="stmt"/>
      <line num="59" count="19" type="stmt"/>
      <line num="60" count="19" type="stmt"/>
      <line num="61" count="19" type="cond" truecount="1" falsecount="0"/>
      <line num="62" count="11" type="stmt"/>
      <line num="63" count="11" type="stmt"/>
      <line num="64" count="11" type="stmt"/>
      <line num="65" count="11" type="stmt"/>
      <line num="66" count="11" type="stmt"/>
      <line num="67" count="11" type="stmt"/>
      <line num="68" count="11" type="stmt"/>
      <line num="69" count="11" type="cond" truecount="1" falsecount="0"/>
      <line num="70" count="2" type="stmt"/>
      <line num="71" count="11" type="cond" truecount="1" falsecount="0"/>
      <line num="72" count="9" type="stmt"/>
      <line num="73" count="9" type="stmt"/>
      <line num="74" count="19" type="cond" truecount="1" falsecount="0"/>
      <line num="75" count="8" type="stmt"/>
      <line num="76" count="8" type="stmt"/>
      <line num="77" count="19" type="stmt"/>
      <line num="78" count="1" type="stmt"/>
      <line num="79" count="5" type="cond" truecount="1" falsecount="0"/>
      <line num="80" count="5" type="stmt"/>
      <line num="81" count="5" type="stmt"/>
      <line num="82" count="5" type="cond" truecount="0" falsecount="1"/>
      <line num="83" count="0" type="stmt"/>
      <line num="84" count="5" type="stmt"/>
      <line num="85" count="5" type="stmt"/>
      <line num="86" count="5" type="stmt"/>
      <line num="87" count="5" type="cond" truecount="1" falsecount="0"/>
      <line num="88" count="2" type="stmt"/>
      <line num="89" count="2" type="stmt"/>
      <line num="90" count="5" type="cond" truecount="0" falsecount="1"/>
      <line num="91" count="0" type="stmt"/>
      <line num="92" count="0" type="stmt"/>
      <line num="93" count="5" type="stmt"/>
      <line num="94" count="5" type="stmt"/>
      <line num="95" count="5" type="stmt"/>
      <line num="96" count="5" type="stmt"/>
      <line num="97" count="1" type="stmt"/>
      <line num="98" count="19" type="cond" truecount="1" falsecount="0"/>
      <line num="99" count="19" type="cond" truecount="0" falsecount="1"/>
      <line num="100" count="0" type="stmt"/>
      <line num="101" count="0" type="stmt"/>
      <line num="102" count="19" type="stmt"/>
      <line num="103" count="19" type="stmt"/>
      <line num="104" count="19" type="stmt"/>
      <line num="105" count="19" type="cond" truecount="1" falsecount="0"/>
      <line num="106" count="86" type="cond" truecount="1" falsecount="0"/>
      <line num="107" count="6" type="stmt"/>
      <line num="108" count="6" type="stmt"/>
      <line num="109" count="6" type="stmt"/>
      <line num="110" count="6" type="stmt"/>
      <line num="111" count="6" type="cond" truecount="0" falsecount="1"/>
      <line num="112" count="0" type="stmt"/>
      <line num="113" count="6" type="stmt"/>
      <line num="114" count="6" type="stmt"/>
      <line num="115" count="6" type="stmt"/>
      <line num="116" count="6" type="cond" truecount="1" falsecount="0"/>
      <line num="117" count="4" type="stmt"/>
      <line num="118" count="4" type="stmt"/>
      <line num="119" count="4" type="cond" truecount="0" falsecount="1"/>
      <line num="120" count="0" type="stmt"/>
      <line num="121" count="4" type="stmt"/>
      <line num="122" count="4" type="stmt"/>
      <line num="123" count="4" type="stmt"/>
      <line num="124" count="4" type="stmt"/>
      <line num="125" count="4" type="cond" truecount="0" falsecount="1"/>
      <line num="126" count="0" type="stmt"/>
      <line num="127" count="0" type="stmt"/>
      <line num="128" count="4" type="stmt"/>
      <line num="129" count="4" type="stmt"/>
      <line num="130" count="4" type="stmt"/>
      <line num="131" count="6" type="cond" truecount="1" falsecount="0"/>
      <line num="132" count="2" type="stmt"/>
      <line num="133" count="2" type="cond" truecount="1" falsecount="0"/>
      <line num="134" count="12" type="cond" truecount="1" falsecount="0"/>
      <line num="135" count="1" type="stmt"/>
      <line num="136" count="1" type="stmt"/>
      <line num="137" count="1" type="stmt"/>
      <line num="138" count="1" type="stmt"/>
      <line num="139" count="1" type="stmt"/>
      <line num="140" count="1" type="stmt"/>
      <line num="141" count="1" type="cond" truecount="0" falsecount="1"/>
      <line num="142" count="0" type="stmt"/>
      <line num="143" count="0" type="stmt"/>
      <line num="144" count="1" type="stmt"/>
      <line num="145" count="11" type="cond" truecount="1" falsecount="0"/>
      <line num="146" count="11" type="stmt"/>
      <line num="147" count="1" type="cond" truecount="1" falsecount="0"/>
      <line num="148" count="1" type="stmt"/>
      <line num="149" count="1" type="stmt"/>
      <line num="150" count="6" type="stmt"/>
      <line num="151" count="6" type="stmt"/>
      <line num="152" count="86" type="stmt"/>
      <line num="153" count="13" type="cond" truecount="1" falsecount="0"/>
      <line num="154" count="13" type="stmt"/>
      <line num="155" count="13" type="stmt"/>
      <line num="156" count="1" type="stmt"/>
      <line num="157" count="19" type="cond" truecount="1" falsecount="0"/>
      <line num="158" count="19" type="cond" truecount="0" falsecount="1"/>
      <line num="159" count="0" type="stmt"/>
      <line num="160" count="0" type="stmt"/>
      <line num="161" count="19" type="stmt"/>
      <line num="162" count="19" type="stmt"/>
      <line num="163" count="19" type="stmt"/>
      <line num="164" count="19" type="stmt"/>
      <line num="165" count="19" type="stmt"/>
      <line num="166" count="19" type="cond" truecount="1" falsecount="0"/>
      <line num="167" count="5" type="stmt"/>
      <line num="168" count="19" type="cond" truecount="1" falsecount="0"/>
      <line num="169" count="14" type="stmt"/>
      <line num="170" count="14" type="stmt"/>
      <line num="171" count="14" type="stmt"/>
      <line num="172" count="14" type="stmt"/>
      <line num="173" count="14" type="stmt"/>
      <line num="174" count="14" type="stmt"/>
      <line num="175" count="14" type="stmt"/>
      <line num="176" count="14" type="cond" truecount="1" falsecount="0"/>
      <line num="177" count="3" type="stmt"/>
      <line num="178" count="3" type="stmt"/>
      <line num="179" count="3" type="stmt"/>
      <line num="180" count="3" type="stmt"/>
      <line num="181" count="3" type="stmt"/>
      <line num="182" count="3" type="cond" truecount="1" falsecount="0"/>
      <line num="183" count="2" type="stmt"/>
      <line num="184" count="3" type="cond" truecount="1" falsecount="0"/>
      <line num="185" count="1" type="stmt"/>
      <line num="186" count="1" type="stmt"/>
      <line num="187" count="14" type="cond" truecount="1" falsecount="0"/>
      <line num="188" count="11" type="stmt"/>
      <line num="189" count="11" type="stmt"/>
      <line num="190" count="14" type="stmt"/>
      <line num="191" count="19" type="stmt"/>
      <line num="192" count="1" type="stmt"/>
      <line num="193" count="38" type="cond" truecount="1" falsecount="0"/>
      <line num="194" count="38" type="stmt"/>
      <line num="195" count="38" type="stmt"/>
      <line num="196" count="38" type="stmt"/>
      <line num="197" count="38" type="stmt"/>
      <line num="198" count="38" type="stmt"/>
      <line num="199" count="38" type="stmt"/>
      <line num="200" count="38" type="stmt"/>
      <line num="201" count="38" type="stmt"/>
      <line num="202" count="38" type="stmt"/>
      <line num="203" count="38" type="stmt"/>
      <line num="204" count="38" type="stmt"/>
      <line num="205" count="38" type="stmt"/>
      <line num="206" count="38" type="stmt"/>
      <line num="207" count="38" type="stmt"/>
      <line num="208" count="38" type="stmt"/>
      <line num="209" count="38" type="stmt"/>
      <line num="210" count="38" type="stmt"/>
      <line num="211" count="38" type="stmt"/>
      <line num="212" count="38" type="stmt"/>
      <line num="213" count="38" type="stmt"/>
      <line num="214" count="38" type="stmt"/>
      <line num="215" count="38" type="stmt"/>
      <line num="216" count="38" type="stmt"/>
      <line num="217" count="38" type="stmt"/>
      <line num="218" count="38" type="stmt"/>
      <line num="219" count="38" type="stmt"/>
      <line num="220" count="38" type="stmt"/>
      <line num="221" count="38" type="stmt"/>
      <line num="222" count="38" type="stmt"/>
      <line num="223" count="38" type="stmt"/>
      <line num="224" count="38" type="stmt"/>
      <line num="225" count="38" type="stmt"/>
      <line num="226" count="38" type="stmt"/>
      <line num="227" count="38" type="stmt"/>
      <line num="228" count="38" type="stmt"/>
      <line num="229" count="38" type="stmt"/>
      <line num="230" count="38" type="stmt"/>
      <line num="231" count="38" type="stmt"/>
      <line num="232" count="38" type="stmt"/>
      <line num="233" count="38" type="stmt"/>
      <line num="234" count="38" type="stmt"/>
      <line num="235" count="1" type="stmt"/>
      <line num="236" count="38" type="cond" truecount="1" falsecount="0"/>
      <line num="237" count="38" type="stmt"/>
      <line num="238" count="38" type="cond" truecount="1" falsecount="0"/>
      <line num="239" count="631" type="cond" truecount="1" falsecount="0"/>
      <line num="240" count="3" type="stmt"/>
      <line num="241" count="631" type="cond" truecount="1" falsecount="0"/>
      <line num="242" count="628" type="stmt"/>
      <line num="243" count="628" type="stmt"/>
      <line num="244" count="631" type="stmt"/>
      <line num="245" count="38" type="stmt"/>
      <line num="246" count="38" type="stmt"/>
      <line num="247" count="1" type="stmt"/>
      <line num="248" count="14" type="cond" truecount="1" falsecount="0"/>
      <line num="249" count="14" type="cond" truecount="0" falsecount="1"/>
      <line num="250" count="0" type="stmt"/>
      <line num="251" count="0" type="stmt"/>
      <line num="252" count="14" type="stmt"/>
      <line num="253" count="14" type="stmt"/>
      <line num="254" count="14" type="stmt"/>
      <line num="255" count="14" type="stmt"/>
      <line num="256" count="14" type="stmt"/>
      <line num="257" count="14" type="stmt"/>
      <line num="258" count="14" type="cond" truecount="1" falsecount="0"/>
      <line num="259" count="14" type="stmt"/>
      <line num="260" count="14" type="cond" truecount="1" falsecount="0"/>
      <line num="261" count="10" type="stmt"/>
      <line num="262" count="10" type="stmt"/>
      <line num="263" count="14" type="stmt"/>
      <line num="264" count="14" type="stmt"/>
      <line num="265" count="14" type="stmt"/>
      <line num="266" count="14" type="stmt"/>
      <line num="267" count="14" type="stmt"/>
      <line num="268" count="14" type="stmt"/>
      <line num="269" count="14" type="stmt"/>
      <line num="270" count="14" type="stmt"/>
      <line num="271" count="1" type="stmt"/>
      <line num="272" count="1" type="stmt"/>
      <line num="273" count="1" type="stmt"/>
      <line num="274" count="1" type="stmt"/>
      <line num="275" count="1" type="stmt"/>
      <line num="276" count="1" type="stmt"/>
      <line num="277" count="1" type="stmt"/>
      <line num="278" count="1" type="stmt"/>
      <line num="279" count="1" type="stmt"/>
      <line num="280" count="1" type="stmt"/>
      <line num="281" count="1" type="stmt"/>
    </file>
  </project>
</coverage>
