{"/Users/sharukhpasha/Documents/Projects/trny/engine.js": {"path":"/Users/sharukhpasha/Documents/Projects/trny/engine.js","all":false,"statementMap":{"0":{"start":{"line":1,"column":0},"end":{"line":1,"column":25}},"1":{"start":{"line":2,"column":0},"end":{"line":2,"column":13}},"2":{"start":{"line":3,"column":0},"end":{"line":3,"column":22}},"3":{"start":{"line":4,"column":0},"end":{"line":4,"column":12}},"4":{"start":{"line":5,"column":0},"end":{"line":5,"column":18}},"5":{"start":{"line":6,"column":0},"end":{"line":6,"column":12}},"6":{"start":{"line":7,"column":0},"end":{"line":7,"column":2}},"7":{"start":{"line":8,"column":0},"end":{"line":8,"column":64}},"8":{"start":{"line":9,"column":0},"end":{"line":9,"column":0}},"9":{"start":{"line":10,"column":0},"end":{"line":10,"column":40}},"10":{"start":{"line":11,"column":0},"end":{"line":11,"column":36}},"11":{"start":{"line":12,"column":0},"end":{"line":12,"column":36}},"12":{"start":{"line":13,"column":0},"end":{"line":13,"column":21}},"13":{"start":{"line":14,"column":0},"end":{"line":14,"column":5}},"14":{"start":{"line":15,"column":0},"end":{"line":15,"column":3}},"15":{"start":{"line":16,"column":0},"end":{"line":16,"column":0}},"16":{"start":{"line":17,"column":0},"end":{"line":17,"column":12}},"17":{"start":{"line":18,"column":0},"end":{"line":18,"column":1}},"18":{"start":{"line":19,"column":0},"end":{"line":19,"column":0}},"19":{"start":{"line":20,"column":0},"end":{"line":20,"column":27}},"20":{"start":{"line":21,"column":0},"end":{"line":21,"column":36}},"21":{"start":{"line":22,"column":0},"end":{"line":22,"column":38}},"22":{"start":{"line":23,"column":0},"end":{"line":23,"column":3}},"23":{"start":{"line":24,"column":0},"end":{"line":24,"column":0}},"24":{"start":{"line":25,"column":0},"end":{"line":25,"column":44}},"25":{"start":{"line":26,"column":0},"end":{"line":26,"column":34}},"26":{"start":{"line":27,"column":0},"end":{"line":27,"column":0}},"27":{"start":{"line":28,"column":0},"end":{"line":28,"column":56}},"28":{"start":{"line":29,"column":0},"end":{"line":29,"column":25}},"29":{"start":{"line":30,"column":0},"end":{"line":30,"column":37}},"30":{"start":{"line":31,"column":0},"end":{"line":31,"column":23}},"31":{"start":{"line":32,"column":0},"end":{"line":32,"column":0}},"32":{"start":{"line":33,"column":0},"end":{"line":33,"column":36}},"33":{"start":{"line":34,"column":0},"end":{"line":34,"column":23}},"34":{"start":{"line":35,"column":0},"end":{"line":35,"column":32}},"35":{"start":{"line":36,"column":0},"end":{"line":36,"column":33}},"36":{"start":{"line":37,"column":0},"end":{"line":37,"column":14}},"37":{"start":{"line":38,"column":0},"end":{"line":38,"column":17}},"38":{"start":{"line":39,"column":0},"end":{"line":39,"column":15}},"39":{"start":{"line":40,"column":0},"end":{"line":40,"column":8}},"40":{"start":{"line":41,"column":0},"end":{"line":41,"column":12}},"41":{"start":{"line":42,"column":0},"end":{"line":42,"column":18}},"42":{"start":{"line":43,"column":0},"end":{"line":43,"column":5}},"43":{"start":{"line":44,"column":0},"end":{"line":44,"column":10}},"44":{"start":{"line":45,"column":0},"end":{"line":45,"column":32}},"45":{"start":{"line":46,"column":0},"end":{"line":46,"column":3}},"46":{"start":{"line":47,"column":0},"end":{"line":47,"column":1}},"47":{"start":{"line":48,"column":0},"end":{"line":48,"column":0}},"48":{"start":{"line":49,"column":0},"end":{"line":49,"column":30}},"49":{"start":{"line":50,"column":0},"end":{"line":50,"column":36}},"50":{"start":{"line":51,"column":0},"end":{"line":51,"column":38}},"51":{"start":{"line":52,"column":0},"end":{"line":52,"column":3}},"52":{"start":{"line":53,"column":0},"end":{"line":53,"column":0}},"53":{"start":{"line":54,"column":0},"end":{"line":54,"column":45}},"54":{"start":{"line":55,"column":0},"end":{"line":55,"column":17}},"55":{"start":{"line":56,"column":0},"end":{"line":56,"column":13}},"56":{"start":{"line":57,"column":0},"end":{"line":57,"column":11}},"57":{"start":{"line":58,"column":0},"end":{"line":58,"column":4}},"58":{"start":{"line":59,"column":0},"end":{"line":59,"column":0}},"59":{"start":{"line":60,"column":0},"end":{"line":60,"column":52}},"60":{"start":{"line":61,"column":0},"end":{"line":61,"column":28}},"61":{"start":{"line":62,"column":0},"end":{"line":62,"column":23}},"62":{"start":{"line":63,"column":0},"end":{"line":63,"column":43}},"63":{"start":{"line":64,"column":0},"end":{"line":64,"column":29}},"64":{"start":{"line":65,"column":0},"end":{"line":65,"column":0}},"65":{"start":{"line":66,"column":0},"end":{"line":66,"column":58}},"66":{"start":{"line":67,"column":0},"end":{"line":67,"column":24}},"67":{"start":{"line":68,"column":0},"end":{"line":68,"column":35}},"68":{"start":{"line":69,"column":0},"end":{"line":69,"column":36}},"69":{"start":{"line":70,"column":0},"end":{"line":70,"column":30}},"70":{"start":{"line":71,"column":0},"end":{"line":71,"column":12}},"71":{"start":{"line":72,"column":0},"end":{"line":72,"column":21}},"72":{"start":{"line":73,"column":0},"end":{"line":73,"column":5}},"73":{"start":{"line":74,"column":0},"end":{"line":74,"column":10}},"74":{"start":{"line":75,"column":0},"end":{"line":75,"column":28}},"75":{"start":{"line":76,"column":0},"end":{"line":76,"column":3}},"76":{"start":{"line":77,"column":0},"end":{"line":77,"column":1}},"77":{"start":{"line":78,"column":0},"end":{"line":78,"column":0}},"78":{"start":{"line":79,"column":0},"end":{"line":79,"column":43}},"79":{"start":{"line":80,"column":0},"end":{"line":80,"column":31}},"80":{"start":{"line":81,"column":0},"end":{"line":81,"column":0}},"81":{"start":{"line":82,"column":0},"end":{"line":82,"column":22}},"82":{"start":{"line":83,"column":0},"end":{"line":83,"column":15}},"83":{"start":{"line":84,"column":0},"end":{"line":84,"column":10}},"84":{"start":{"line":85,"column":0},"end":{"line":85,"column":55}},"85":{"start":{"line":86,"column":0},"end":{"line":86,"column":0}},"86":{"start":{"line":87,"column":0},"end":{"line":87,"column":30}},"87":{"start":{"line":88,"column":0},"end":{"line":88,"column":29}},"88":{"start":{"line":89,"column":0},"end":{"line":89,"column":5}},"89":{"start":{"line":90,"column":0},"end":{"line":90,"column":31}},"90":{"start":{"line":91,"column":0},"end":{"line":91,"column":25}},"91":{"start":{"line":92,"column":0},"end":{"line":92,"column":5}},"92":{"start":{"line":93,"column":0},"end":{"line":93,"column":0}},"93":{"start":{"line":94,"column":0},"end":{"line":94,"column":15}},"94":{"start":{"line":95,"column":0},"end":{"line":95,"column":3}},"95":{"start":{"line":96,"column":0},"end":{"line":96,"column":1}},"96":{"start":{"line":97,"column":0},"end":{"line":97,"column":0}},"97":{"start":{"line":98,"column":0},"end":{"line":98,"column":30}},"98":{"start":{"line":99,"column":0},"end":{"line":99,"column":36}},"99":{"start":{"line":100,"column":0},"end":{"line":100,"column":14}},"100":{"start":{"line":101,"column":0},"end":{"line":101,"column":3}},"101":{"start":{"line":102,"column":0},"end":{"line":102,"column":0}},"102":{"start":{"line":103,"column":0},"end":{"line":103,"column":46}},"103":{"start":{"line":104,"column":0},"end":{"line":104,"column":0}},"104":{"start":{"line":105,"column":0},"end":{"line":105,"column":39}},"105":{"start":{"line":106,"column":0},"end":{"line":106,"column":33}},"106":{"start":{"line":107,"column":0},"end":{"line":107,"column":39}},"107":{"start":{"line":108,"column":0},"end":{"line":108,"column":43}},"108":{"start":{"line":109,"column":0},"end":{"line":109,"column":49}},"109":{"start":{"line":110,"column":0},"end":{"line":110,"column":0}},"110":{"start":{"line":111,"column":0},"end":{"line":111,"column":25}},"111":{"start":{"line":112,"column":0},"end":{"line":112,"column":18}},"112":{"start":{"line":113,"column":0},"end":{"line":113,"column":14}},"113":{"start":{"line":114,"column":0},"end":{"line":114,"column":57}},"114":{"start":{"line":115,"column":0},"end":{"line":115,"column":0}},"115":{"start":{"line":116,"column":0},"end":{"line":116,"column":32}},"116":{"start":{"line":117,"column":0},"end":{"line":117,"column":63}},"117":{"start":{"line":118,"column":0},"end":{"line":118,"column":0}},"118":{"start":{"line":119,"column":0},"end":{"line":119,"column":45}},"119":{"start":{"line":120,"column":0},"end":{"line":120,"column":22}},"120":{"start":{"line":121,"column":0},"end":{"line":121,"column":18}},"121":{"start":{"line":122,"column":0},"end":{"line":122,"column":71}},"122":{"start":{"line":123,"column":0},"end":{"line":123,"column":48}},"123":{"start":{"line":124,"column":0},"end":{"line":124,"column":0}},"124":{"start":{"line":125,"column":0},"end":{"line":125,"column":41}},"125":{"start":{"line":126,"column":0},"end":{"line":126,"column":24}},"126":{"start":{"line":127,"column":0},"end":{"line":127,"column":13}},"127":{"start":{"line":128,"column":0},"end":{"line":128,"column":0}},"128":{"start":{"line":129,"column":0},"end":{"line":129,"column":27}},"129":{"start":{"line":130,"column":0},"end":{"line":130,"column":11}},"130":{"start":{"line":131,"column":0},"end":{"line":131,"column":16}},"131":{"start":{"line":132,"column":0},"end":{"line":132,"column":36}},"132":{"start":{"line":133,"column":0},"end":{"line":133,"column":40}},"133":{"start":{"line":134,"column":0},"end":{"line":134,"column":41}},"134":{"start":{"line":135,"column":0},"end":{"line":135,"column":45}},"135":{"start":{"line":136,"column":0},"end":{"line":136,"column":39}},"136":{"start":{"line":137,"column":0},"end":{"line":137,"column":72}},"137":{"start":{"line":138,"column":0},"end":{"line":138,"column":52}},"138":{"start":{"line":139,"column":0},"end":{"line":139,"column":16}},"139":{"start":{"line":140,"column":0},"end":{"line":140,"column":31}},"140":{"start":{"line":141,"column":0},"end":{"line":141,"column":22}},"141":{"start":{"line":142,"column":0},"end":{"line":142,"column":26}},"142":{"start":{"line":143,"column":0},"end":{"line":143,"column":15}},"143":{"start":{"line":144,"column":0},"end":{"line":144,"column":13}},"144":{"start":{"line":145,"column":0},"end":{"line":145,"column":20}},"145":{"start":{"line":146,"column":0},"end":{"line":146,"column":11}},"146":{"start":{"line":147,"column":0},"end":{"line":147,"column":0}},"147":{"start":{"line":148,"column":0},"end":{"line":148,"column":20}},"148":{"start":{"line":149,"column":0},"end":{"line":149,"column":9}},"149":{"start":{"line":150,"column":0},"end":{"line":150,"column":7}},"150":{"start":{"line":151,"column":0},"end":{"line":151,"column":5}},"151":{"start":{"line":152,"column":0},"end":{"line":152,"column":3}},"152":{"start":{"line":153,"column":0},"end":{"line":153,"column":0}},"153":{"start":{"line":154,"column":0},"end":{"line":154,"column":12}},"154":{"start":{"line":155,"column":0},"end":{"line":155,"column":1}},"155":{"start":{"line":156,"column":0},"end":{"line":156,"column":0}},"156":{"start":{"line":157,"column":0},"end":{"line":157,"column":33}},"157":{"start":{"line":158,"column":0},"end":{"line":158,"column":36}},"158":{"start":{"line":159,"column":0},"end":{"line":159,"column":38}},"159":{"start":{"line":160,"column":0},"end":{"line":160,"column":3}},"160":{"start":{"line":161,"column":0},"end":{"line":161,"column":0}},"161":{"start":{"line":162,"column":0},"end":{"line":162,"column":39}},"162":{"start":{"line":163,"column":0},"end":{"line":163,"column":0}},"163":{"start":{"line":164,"column":0},"end":{"line":164,"column":28}},"164":{"start":{"line":165,"column":0},"end":{"line":165,"column":14}},"165":{"start":{"line":166,"column":0},"end":{"line":166,"column":21}},"166":{"start":{"line":167,"column":0},"end":{"line":167,"column":14}},"167":{"start":{"line":168,"column":0},"end":{"line":168,"column":10}},"168":{"start":{"line":169,"column":0},"end":{"line":169,"column":35}},"169":{"start":{"line":170,"column":0},"end":{"line":170,"column":0}},"170":{"start":{"line":171,"column":0},"end":{"line":171,"column":36}},"171":{"start":{"line":172,"column":0},"end":{"line":172,"column":0}},"172":{"start":{"line":173,"column":0},"end":{"line":173,"column":32}},"173":{"start":{"line":174,"column":0},"end":{"line":174,"column":53}},"174":{"start":{"line":175,"column":0},"end":{"line":175,"column":34}},"175":{"start":{"line":176,"column":0},"end":{"line":176,"column":31}},"176":{"start":{"line":177,"column":0},"end":{"line":177,"column":33}},"177":{"start":{"line":178,"column":0},"end":{"line":178,"column":38}},"178":{"start":{"line":179,"column":0},"end":{"line":179,"column":0}},"179":{"start":{"line":180,"column":0},"end":{"line":180,"column":50}},"180":{"start":{"line":181,"column":0},"end":{"line":181,"column":36}},"181":{"start":{"line":182,"column":0},"end":{"line":182,"column":33}},"182":{"start":{"line":183,"column":0},"end":{"line":183,"column":18}},"183":{"start":{"line":184,"column":0},"end":{"line":184,"column":14}},"184":{"start":{"line":185,"column":0},"end":{"line":185,"column":21}},"185":{"start":{"line":186,"column":0},"end":{"line":186,"column":7}},"186":{"start":{"line":187,"column":0},"end":{"line":187,"column":12}},"187":{"start":{"line":188,"column":0},"end":{"line":188,"column":19}},"188":{"start":{"line":189,"column":0},"end":{"line":189,"column":5}},"189":{"start":{"line":190,"column":0},"end":{"line":190,"column":3}},"190":{"start":{"line":191,"column":0},"end":{"line":191,"column":1}},"191":{"start":{"line":192,"column":0},"end":{"line":192,"column":0}},"192":{"start":{"line":193,"column":0},"end":{"line":193,"column":34}},"193":{"start":{"line":194,"column":0},"end":{"line":194,"column":26}},"194":{"start":{"line":195,"column":0},"end":{"line":195,"column":34}},"195":{"start":{"line":196,"column":0},"end":{"line":196,"column":15}},"196":{"start":{"line":197,"column":0},"end":{"line":197,"column":38}},"197":{"start":{"line":198,"column":0},"end":{"line":198,"column":15}},"198":{"start":{"line":199,"column":0},"end":{"line":199,"column":38}},"199":{"start":{"line":200,"column":0},"end":{"line":200,"column":15}},"200":{"start":{"line":201,"column":0},"end":{"line":201,"column":39}},"201":{"start":{"line":202,"column":0},"end":{"line":202,"column":20}},"202":{"start":{"line":203,"column":0},"end":{"line":203,"column":44}},"203":{"start":{"line":204,"column":0},"end":{"line":204,"column":16}},"204":{"start":{"line":205,"column":0},"end":{"line":205,"column":42}},"205":{"start":{"line":206,"column":0},"end":{"line":206,"column":26}},"206":{"start":{"line":207,"column":0},"end":{"line":207,"column":55}},"207":{"start":{"line":208,"column":0},"end":{"line":208,"column":17}},"208":{"start":{"line":209,"column":0},"end":{"line":209,"column":40}},"209":{"start":{"line":210,"column":0},"end":{"line":210,"column":19}},"210":{"start":{"line":211,"column":0},"end":{"line":211,"column":42}},"211":{"start":{"line":212,"column":0},"end":{"line":212,"column":17}},"212":{"start":{"line":213,"column":0},"end":{"line":213,"column":41}},"213":{"start":{"line":214,"column":0},"end":{"line":214,"column":42}},"214":{"start":{"line":215,"column":0},"end":{"line":215,"column":66}},"215":{"start":{"line":216,"column":0},"end":{"line":216,"column":33}},"216":{"start":{"line":217,"column":0},"end":{"line":217,"column":49}},"217":{"start":{"line":218,"column":0},"end":{"line":218,"column":34}},"218":{"start":{"line":219,"column":0},"end":{"line":219,"column":44}},"219":{"start":{"line":220,"column":0},"end":{"line":220,"column":29}},"220":{"start":{"line":221,"column":0},"end":{"line":221,"column":50}},"221":{"start":{"line":222,"column":0},"end":{"line":222,"column":4}},"222":{"start":{"line":223,"column":0},"end":{"line":223,"column":45}},"223":{"start":{"line":224,"column":0},"end":{"line":224,"column":34}},"224":{"start":{"line":225,"column":0},"end":{"line":225,"column":44}},"225":{"start":{"line":226,"column":0},"end":{"line":226,"column":34}},"226":{"start":{"line":227,"column":0},"end":{"line":227,"column":50}},"227":{"start":{"line":228,"column":0},"end":{"line":228,"column":29}},"228":{"start":{"line":229,"column":0},"end":{"line":229,"column":31}},"229":{"start":{"line":230,"column":0},"end":{"line":230,"column":25}},"230":{"start":{"line":231,"column":0},"end":{"line":231,"column":39}},"231":{"start":{"line":232,"column":0},"end":{"line":232,"column":0}},"232":{"start":{"line":233,"column":0},"end":{"line":233,"column":17}},"233":{"start":{"line":234,"column":0},"end":{"line":234,"column":1}},"234":{"start":{"line":235,"column":0},"end":{"line":235,"column":0}},"235":{"start":{"line":236,"column":0},"end":{"line":236,"column":36}},"236":{"start":{"line":237,"column":0},"end":{"line":237,"column":12}},"237":{"start":{"line":238,"column":0},"end":{"line":238,"column":26}},"238":{"start":{"line":239,"column":0},"end":{"line":239,"column":27}},"239":{"start":{"line":240,"column":0},"end":{"line":240,"column":23}},"240":{"start":{"line":241,"column":0},"end":{"line":241,"column":12}},"241":{"start":{"line":242,"column":0},"end":{"line":242,"column":10}},"242":{"start":{"line":243,"column":0},"end":{"line":243,"column":5}},"243":{"start":{"line":244,"column":0},"end":{"line":244,"column":3}},"244":{"start":{"line":245,"column":0},"end":{"line":245,"column":13}},"245":{"start":{"line":246,"column":0},"end":{"line":246,"column":1}},"246":{"start":{"line":247,"column":0},"end":{"line":247,"column":0}},"247":{"start":{"line":248,"column":0},"end":{"line":248,"column":38}},"248":{"start":{"line":249,"column":0},"end":{"line":249,"column":48}},"249":{"start":{"line":250,"column":0},"end":{"line":250,"column":14}},"250":{"start":{"line":251,"column":0},"end":{"line":251,"column":3}},"251":{"start":{"line":252,"column":0},"end":{"line":252,"column":0}},"252":{"start":{"line":253,"column":0},"end":{"line":253,"column":51}},"253":{"start":{"line":254,"column":0},"end":{"line":254,"column":47}},"254":{"start":{"line":255,"column":0},"end":{"line":255,"column":57}},"255":{"start":{"line":256,"column":0},"end":{"line":256,"column":48}},"256":{"start":{"line":257,"column":0},"end":{"line":257,"column":15}},"257":{"start":{"line":258,"column":0},"end":{"line":258,"column":80}},"258":{"start":{"line":259,"column":0},"end":{"line":259,"column":0}},"259":{"start":{"line":260,"column":0},"end":{"line":260,"column":16}},"260":{"start":{"line":261,"column":0},"end":{"line":261,"column":49}},"261":{"start":{"line":262,"column":0},"end":{"line":262,"column":3}},"262":{"start":{"line":263,"column":0},"end":{"line":263,"column":0}},"263":{"start":{"line":264,"column":0},"end":{"line":264,"column":10}},"264":{"start":{"line":265,"column":0},"end":{"line":265,"column":12}},"265":{"start":{"line":266,"column":0},"end":{"line":266,"column":12}},"266":{"start":{"line":267,"column":0},"end":{"line":267,"column":10}},"267":{"start":{"line":268,"column":0},"end":{"line":268,"column":27}},"268":{"start":{"line":269,"column":0},"end":{"line":269,"column":4}},"269":{"start":{"line":270,"column":0},"end":{"line":270,"column":1}},"270":{"start":{"line":271,"column":0},"end":{"line":271,"column":0}},"271":{"start":{"line":272,"column":0},"end":{"line":272,"column":18}},"272":{"start":{"line":273,"column":0},"end":{"line":273,"column":21}},"273":{"start":{"line":274,"column":0},"end":{"line":274,"column":13}},"274":{"start":{"line":275,"column":0},"end":{"line":275,"column":13}},"275":{"start":{"line":276,"column":0},"end":{"line":276,"column":10}},"276":{"start":{"line":277,"column":0},"end":{"line":277,"column":16}},"277":{"start":{"line":278,"column":0},"end":{"line":278,"column":23}},"278":{"start":{"line":279,"column":0},"end":{"line":279,"column":17}},"279":{"start":{"line":280,"column":0},"end":{"line":280,"column":16}},"280":{"start":{"line":281,"column":0},"end":{"line":281,"column":2}}},"s":{"0":1,"1":1,"2":1,"3":1,"4":1,"5":1,"6":1,"7":1,"8":1,"9":10,"10":10,"11":20,"12":9,"13":9,"14":20,"15":1,"16":1,"17":1,"18":1,"19":10,"20":10,"21":0,"22":0,"23":10,"24":10,"25":10,"26":10,"27":10,"28":10,"29":5,"30":5,"31":5,"32":5,"33":5,"34":5,"35":5,"36":2,"37":2,"38":2,"39":2,"40":5,"41":3,"42":3,"43":5,"44":5,"45":5,"46":10,"47":1,"48":19,"49":19,"50":0,"51":0,"52":19,"53":19,"54":19,"55":19,"56":19,"57":19,"58":19,"59":19,"60":19,"61":11,"62":11,"63":11,"64":11,"65":11,"66":11,"67":11,"68":11,"69":2,"70":11,"71":9,"72":9,"73":19,"74":8,"75":8,"76":19,"77":1,"78":5,"79":5,"80":5,"81":5,"82":0,"83":5,"84":5,"85":5,"86":5,"87":2,"88":2,"89":5,"90":0,"91":0,"92":5,"93":5,"94":5,"95":5,"96":1,"97":19,"98":19,"99":0,"100":0,"101":19,"102":19,"103":19,"104":19,"105":86,"106":6,"107":6,"108":6,"109":6,"110":6,"111":0,"112":6,"113":6,"114":6,"115":6,"116":4,"117":4,"118":4,"119":0,"120":4,"121":4,"122":4,"123":4,"124":4,"125":0,"126":0,"127":4,"128":4,"129":4,"130":6,"131":2,"132":2,"133":12,"134":1,"135":1,"136":1,"137":1,"138":1,"139":1,"140":1,"141":0,"142":0,"143":1,"144":11,"145":11,"146":1,"147":1,"148":1,"149":6,"150":6,"151":86,"152":13,"153":13,"154":13,"155":1,"156":19,"157":19,"158":0,"159":0,"160":19,"161":19,"162":19,"163":19,"164":19,"165":19,"166":5,"167":19,"168":14,"169":14,"170":14,"171":14,"172":14,"173":14,"174":14,"175":14,"176":3,"177":3,"178":3,"179":3,"180":3,"181":3,"182":2,"183":3,"184":1,"185":1,"186":14,"187":11,"188":11,"189":14,"190":19,"191":1,"192":38,"193":38,"194":38,"195":38,"196":38,"197":38,"198":38,"199":38,"200":38,"201":38,"202":38,"203":38,"204":38,"205":38,"206":38,"207":38,"208":38,"209":38,"210":38,"211":38,"212":38,"213":38,"214":38,"215":38,"216":38,"217":38,"218":38,"219":38,"220":38,"221":38,"222":38,"223":38,"224":38,"225":38,"226":38,"227":38,"228":38,"229":38,"230":38,"231":38,"232":38,"233":38,"234":1,"235":38,"236":38,"237":38,"238":631,"239":3,"240":631,"241":628,"242":628,"243":631,"244":38,"245":38,"246":1,"247":14,"248":14,"249":0,"250":0,"251":14,"252":14,"253":14,"254":14,"255":14,"256":14,"257":14,"258":14,"259":14,"260":10,"261":10,"262":14,"263":14,"264":14,"265":14,"266":14,"267":14,"268":14,"269":14,"270":1,"271":1,"272":1,"273":1,"274":1,"275":1,"276":1,"277":1,"278":1,"279":1,"280":1},"branchMap":{"0":{"type":"branch","line":10,"loc":{"start":{"line":10,"column":0},"end":{"line":18,"column":1}},"locations":[{"start":{"line":10,"column":0},"end":{"line":18,"column":1}}]},"1":{"type":"branch","line":11,"loc":{"start":{"line":11,"column":35},"end":{"line":15,"column":3}},"locations":[{"start":{"line":11,"column":35},"end":{"line":15,"column":3}}]},"2":{"type":"branch","line":12,"loc":{"start":{"line":12,"column":35},"end":{"line":14,"column":5}},"locations":[{"start":{"line":12,"column":35},"end":{"line":14,"column":5}}]},"3":{"type":"branch","line":16,"loc":{"start":{"line":16,"column":-1},"end":{"line":18,"column":1}},"locations":[{"start":{"line":16,"column":-1},"end":{"line":18,"column":1}}]},"4":{"type":"branch","line":20,"loc":{"start":{"line":20,"column":0},"end":{"line":47,"column":1}},"locations":[{"start":{"line":20,"column":0},"end":{"line":47,"column":1}}]},"5":{"type":"branch","line":21,"loc":{"start":{"line":21,"column":35},"end":{"line":23,"column":3}},"locations":[{"start":{"line":21,"column":35},"end":{"line":23,"column":3}}]},"6":{"type":"branch","line":29,"loc":{"start":{"line":29,"column":24},"end":{"line":46,"column":3}},"locations":[{"start":{"line":29,"column":24},"end":{"line":46,"column":3}}]},"7":{"type":"branch","line":36,"loc":{"start":{"line":36,"column":32},"end":{"line":41,"column":11}},"locations":[{"start":{"line":36,"column":32},"end":{"line":41,"column":11}}]},"8":{"type":"branch","line":41,"loc":{"start":{"line":41,"column":5},"end":{"line":43,"column":5}},"locations":[{"start":{"line":41,"column":5},"end":{"line":43,"column":5}}]},"9":{"type":"branch","line":49,"loc":{"start":{"line":49,"column":0},"end":{"line":77,"column":1}},"locations":[{"start":{"line":49,"column":0},"end":{"line":77,"column":1}}]},"10":{"type":"branch","line":50,"loc":{"start":{"line":50,"column":35},"end":{"line":52,"column":3}},"locations":[{"start":{"line":50,"column":35},"end":{"line":52,"column":3}}]},"11":{"type":"branch","line":61,"loc":{"start":{"line":61,"column":27},"end":{"line":74,"column":9}},"locations":[{"start":{"line":61,"column":27},"end":{"line":74,"column":9}}]},"12":{"type":"branch","line":69,"loc":{"start":{"line":69,"column":35},"end":{"line":71,"column":11}},"locations":[{"start":{"line":69,"column":35},"end":{"line":71,"column":11}}]},"13":{"type":"branch","line":71,"loc":{"start":{"line":71,"column":5},"end":{"line":73,"column":5}},"locations":[{"start":{"line":71,"column":5},"end":{"line":73,"column":5}}]},"14":{"type":"branch","line":74,"loc":{"start":{"line":74,"column":3},"end":{"line":76,"column":3}},"locations":[{"start":{"line":74,"column":3},"end":{"line":76,"column":3}}]},"15":{"type":"branch","line":79,"loc":{"start":{"line":79,"column":0},"end":{"line":96,"column":1}},"locations":[{"start":{"line":79,"column":0},"end":{"line":96,"column":1}}]},"16":{"type":"branch","line":82,"loc":{"start":{"line":82,"column":21},"end":{"line":84,"column":9}},"locations":[{"start":{"line":82,"column":21},"end":{"line":84,"column":9}}]},"17":{"type":"branch","line":87,"loc":{"start":{"line":87,"column":29},"end":{"line":89,"column":5}},"locations":[{"start":{"line":87,"column":29},"end":{"line":89,"column":5}}]},"18":{"type":"branch","line":90,"loc":{"start":{"line":90,"column":30},"end":{"line":92,"column":5}},"locations":[{"start":{"line":90,"column":30},"end":{"line":92,"column":5}}]},"19":{"type":"branch","line":98,"loc":{"start":{"line":98,"column":0},"end":{"line":155,"column":1}},"locations":[{"start":{"line":98,"column":0},"end":{"line":155,"column":1}}]},"20":{"type":"branch","line":99,"loc":{"start":{"line":99,"column":35},"end":{"line":101,"column":3}},"locations":[{"start":{"line":99,"column":35},"end":{"line":101,"column":3}}]},"21":{"type":"branch","line":105,"loc":{"start":{"line":105,"column":38},"end":{"line":152,"column":3}},"locations":[{"start":{"line":105,"column":38},"end":{"line":152,"column":3}}]},"22":{"type":"branch","line":106,"loc":{"start":{"line":106,"column":32},"end":{"line":151,"column":5}},"locations":[{"start":{"line":106,"column":32},"end":{"line":151,"column":5}}]},"23":{"type":"branch","line":111,"loc":{"start":{"line":111,"column":24},"end":{"line":113,"column":13}},"locations":[{"start":{"line":111,"column":24},"end":{"line":113,"column":13}}]},"24":{"type":"branch","line":116,"loc":{"start":{"line":116,"column":31},"end":{"line":131,"column":15}},"locations":[{"start":{"line":116,"column":31},"end":{"line":131,"column":15}}]},"25":{"type":"branch","line":119,"loc":{"start":{"line":119,"column":44},"end":{"line":121,"column":17}},"locations":[{"start":{"line":119,"column":44},"end":{"line":121,"column":17}}]},"26":{"type":"branch","line":125,"loc":{"start":{"line":125,"column":40},"end":{"line":127,"column":13}},"locations":[{"start":{"line":125,"column":40},"end":{"line":127,"column":13}}]},"27":{"type":"branch","line":131,"loc":{"start":{"line":131,"column":9},"end":{"line":149,"column":9}},"locations":[{"start":{"line":131,"column":9},"end":{"line":149,"column":9}}]},"28":{"type":"branch","line":133,"loc":{"start":{"line":133,"column":39},"end":{"line":146,"column":11}},"locations":[{"start":{"line":133,"column":39},"end":{"line":146,"column":11}}]},"29":{"type":"branch","line":134,"loc":{"start":{"line":134,"column":40},"end":{"line":144,"column":13}},"locations":[{"start":{"line":134,"column":40},"end":{"line":144,"column":13}}]},"30":{"type":"branch","line":141,"loc":{"start":{"line":141,"column":15},"end":{"line":143,"column":15}},"locations":[{"start":{"line":141,"column":15},"end":{"line":143,"column":15}}]},"31":{"type":"branch","line":145,"loc":{"start":{"line":145,"column":-1},"end":{"line":146,"column":11}},"locations":[{"start":{"line":145,"column":-1},"end":{"line":146,"column":11}}]},"32":{"type":"branch","line":147,"loc":{"start":{"line":147,"column":-1},"end":{"line":149,"column":9}},"locations":[{"start":{"line":147,"column":-1},"end":{"line":149,"column":9}}]},"33":{"type":"branch","line":153,"loc":{"start":{"line":153,"column":-1},"end":{"line":155,"column":1}},"locations":[{"start":{"line":153,"column":-1},"end":{"line":155,"column":1}}]},"34":{"type":"branch","line":157,"loc":{"start":{"line":157,"column":0},"end":{"line":191,"column":1}},"locations":[{"start":{"line":157,"column":0},"end":{"line":191,"column":1}}]},"35":{"type":"branch","line":158,"loc":{"start":{"line":158,"column":35},"end":{"line":160,"column":3}},"locations":[{"start":{"line":158,"column":35},"end":{"line":160,"column":3}}]},"36":{"type":"branch","line":166,"loc":{"start":{"line":166,"column":20},"end":{"line":168,"column":9}},"locations":[{"start":{"line":166,"column":20},"end":{"line":168,"column":9}}]},"37":{"type":"branch","line":168,"loc":{"start":{"line":168,"column":3},"end":{"line":190,"column":3}},"locations":[{"start":{"line":168,"column":3},"end":{"line":190,"column":3}}]},"38":{"type":"branch","line":176,"loc":{"start":{"line":176,"column":30},"end":{"line":187,"column":11}},"locations":[{"start":{"line":176,"column":30},"end":{"line":187,"column":11}}]},"39":{"type":"branch","line":182,"loc":{"start":{"line":182,"column":32},"end":{"line":184,"column":13}},"locations":[{"start":{"line":182,"column":32},"end":{"line":184,"column":13}}]},"40":{"type":"branch","line":184,"loc":{"start":{"line":184,"column":7},"end":{"line":186,"column":7}},"locations":[{"start":{"line":184,"column":7},"end":{"line":186,"column":7}}]},"41":{"type":"branch","line":187,"loc":{"start":{"line":187,"column":5},"end":{"line":189,"column":5}},"locations":[{"start":{"line":187,"column":5},"end":{"line":189,"column":5}}]},"42":{"type":"branch","line":193,"loc":{"start":{"line":193,"column":0},"end":{"line":234,"column":1}},"locations":[{"start":{"line":193,"column":0},"end":{"line":234,"column":1}}]},"43":{"type":"branch","line":236,"loc":{"start":{"line":236,"column":0},"end":{"line":246,"column":1}},"locations":[{"start":{"line":236,"column":0},"end":{"line":246,"column":1}}]},"44":{"type":"branch","line":238,"loc":{"start":{"line":238,"column":25},"end":{"line":244,"column":3}},"locations":[{"start":{"line":238,"column":25},"end":{"line":244,"column":3}}]},"45":{"type":"branch","line":239,"loc":{"start":{"line":239,"column":26},"end":{"line":241,"column":11}},"locations":[{"start":{"line":239,"column":26},"end":{"line":241,"column":11}}]},"46":{"type":"branch","line":241,"loc":{"start":{"line":241,"column":5},"end":{"line":243,"column":5}},"locations":[{"start":{"line":241,"column":5},"end":{"line":243,"column":5}}]},"47":{"type":"branch","line":248,"loc":{"start":{"line":248,"column":0},"end":{"line":270,"column":1}},"locations":[{"start":{"line":248,"column":0},"end":{"line":270,"column":1}}]},"48":{"type":"branch","line":249,"loc":{"start":{"line":249,"column":47},"end":{"line":251,"column":3}},"locations":[{"start":{"line":249,"column":47},"end":{"line":251,"column":3}}]},"49":{"type":"branch","line":260,"loc":{"start":{"line":260,"column":15},"end":{"line":262,"column":3}},"locations":[{"start":{"line":260,"column":15},"end":{"line":262,"column":3}}]},"50":{"type":"branch","line":258,"loc":{"start":{"line":258,"column":54},"end":{"line":258,"column":69}},"locations":[{"start":{"line":258,"column":54},"end":{"line":258,"column":69}}]}},"b":{"0":[10],"1":[20],"2":[9],"3":[1],"4":[10],"5":[0],"6":[5],"7":[2],"8":[3],"9":[19],"10":[0],"11":[11],"12":[2],"13":[9],"14":[8],"15":[5],"16":[0],"17":[2],"18":[0],"19":[19],"20":[0],"21":[86],"22":[6],"23":[0],"24":[4],"25":[0],"26":[0],"27":[2],"28":[12],"29":[1],"30":[0],"31":[11],"32":[1],"33":[13],"34":[19],"35":[0],"36":[5],"37":[14],"38":[3],"39":[2],"40":[1],"41":[11],"42":[38],"43":[38],"44":[631],"45":[3],"46":[628],"47":[14],"48":[0],"49":[10],"50":[42]},"fnMap":{"0":{"name":"getTypeOfTransaction","decl":{"start":{"line":10,"column":0},"end":{"line":18,"column":1}},"loc":{"start":{"line":10,"column":0},"end":{"line":18,"column":1}},"line":10},"1":{"name":"getCard","decl":{"start":{"line":20,"column":0},"end":{"line":47,"column":1}},"loc":{"start":{"line":20,"column":0},"end":{"line":47,"column":1}},"line":20},"2":{"name":"getAccount","decl":{"start":{"line":49,"column":0},"end":{"line":77,"column":1}},"loc":{"start":{"line":49,"column":0},"end":{"line":77,"column":1}},"line":49},"3":{"name":"trimLeadingAndTrailingChars","decl":{"start":{"line":79,"column":0},"end":{"line":96,"column":1}},"loc":{"start":{"line":79,"column":0},"end":{"line":96,"column":1}},"line":79},"4":{"name":"getBalance","decl":{"start":{"line":98,"column":0},"end":{"line":155,"column":1}},"loc":{"start":{"line":98,"column":0},"end":{"line":155,"column":1}},"line":98},"5":{"name":"getMoneySpent","decl":{"start":{"line":157,"column":0},"end":{"line":191,"column":1}},"loc":{"start":{"line":157,"column":0},"end":{"line":191,"column":1}},"line":157},"6":{"name":"processMessage","decl":{"start":{"line":193,"column":0},"end":{"line":234,"column":1}},"loc":{"start":{"line":193,"column":0},"end":{"line":234,"column":1}},"line":193},"7":{"name":"removeItemAll","decl":{"start":{"line":236,"column":0},"end":{"line":246,"column":1}},"loc":{"start":{"line":236,"column":0},"end":{"line":246,"column":1}},"line":236},"8":{"name":"getTransactionInfo","decl":{"start":{"line":248,"column":0},"end":{"line":270,"column":1}},"loc":{"start":{"line":248,"column":0},"end":{"line":270,"column":1}},"line":248},"9":{"name":"isValid.filter.x","decl":{"start":{"line":258,"column":54},"end":{"line":258,"column":69}},"loc":{"start":{"line":258,"column":54},"end":{"line":258,"column":69}},"line":258}},"f":{"0":10,"1":10,"2":19,"3":5,"4":19,"5":19,"6":38,"7":38,"8":14,"9":42}}
}
