TN:
SF:engine.js
FN:10,getTypeOfTransaction
FN:20,getCard
FN:49,getAccount
FN:79,trimLeadingAndTrailingChars
FN:98,getBalance
FN:157,getMoneySpent
FN:193,processMessage
FN:236,removeItemAll
FN:248,getTransactionInfo
FN:258,isValid.filter.x
FNF:10
FNH:10
FNDA:10,getTypeOfTransaction
FNDA:10,getCard
FNDA:19,getAccount
FNDA:5,trimLeadingAndTrailingChars
FNDA:19,getBalance
FNDA:19,getMoneySpent
FNDA:38,processMessage
FNDA:38,removeItemAll
FNDA:14,getTransactionInfo
FNDA:42,isValid.filter.x
DA:1,1
DA:2,1
DA:3,1
DA:4,1
DA:5,1
DA:6,1
DA:7,1
DA:8,1
DA:9,1
DA:10,10
DA:11,10
DA:12,20
DA:13,9
DA:14,9
DA:15,20
DA:16,1
DA:17,1
DA:18,1
DA:19,1
DA:20,10
DA:21,10
DA:22,0
DA:23,0
DA:24,10
DA:25,10
DA:26,10
DA:27,10
DA:28,10
DA:29,10
DA:30,5
DA:31,5
DA:32,5
DA:33,5
DA:34,5
DA:35,5
DA:36,5
DA:37,2
DA:38,2
DA:39,2
DA:40,2
DA:41,5
DA:42,3
DA:43,3
DA:44,5
DA:45,5
DA:46,5
DA:47,10
DA:48,1
DA:49,19
DA:50,19
DA:51,0
DA:52,0
DA:53,19
DA:54,19
DA:55,19
DA:56,19
DA:57,19
DA:58,19
DA:59,19
DA:60,19
DA:61,19
DA:62,11
DA:63,11
DA:64,11
DA:65,11
DA:66,11
DA:67,11
DA:68,11
DA:69,11
DA:70,2
DA:71,11
DA:72,9
DA:73,9
DA:74,19
DA:75,8
DA:76,8
DA:77,19
DA:78,1
DA:79,5
DA:80,5
DA:81,5
DA:82,5
DA:83,0
DA:84,5
DA:85,5
DA:86,5
DA:87,5
DA:88,2
DA:89,2
DA:90,5
DA:91,0
DA:92,0
DA:93,5
DA:94,5
DA:95,5
DA:96,5
DA:97,1
DA:98,19
DA:99,19
DA:100,0
DA:101,0
DA:102,19
DA:103,19
DA:104,19
DA:105,19
DA:106,86
DA:107,6
DA:108,6
DA:109,6
DA:110,6
DA:111,6
DA:112,0
DA:113,6
DA:114,6
DA:115,6
DA:116,6
DA:117,4
DA:118,4
DA:119,4
DA:120,0
DA:121,4
DA:122,4
DA:123,4
DA:124,4
DA:125,4
DA:126,0
DA:127,0
DA:128,4
DA:129,4
DA:130,4
DA:131,6
DA:132,2
DA:133,2
DA:134,12
DA:135,1
DA:136,1
DA:137,1
DA:138,1
DA:139,1
DA:140,1
DA:141,1
DA:142,0
DA:143,0
DA:144,1
DA:145,11
DA:146,11
DA:147,1
DA:148,1
DA:149,1
DA:150,6
DA:151,6
DA:152,86
DA:153,13
DA:154,13
DA:155,13
DA:156,1
DA:157,19
DA:158,19
DA:159,0
DA:160,0
DA:161,19
DA:162,19
DA:163,19
DA:164,19
DA:165,19
DA:166,19
DA:167,5
DA:168,19
DA:169,14
DA:170,14
DA:171,14
DA:172,14
DA:173,14
DA:174,14
DA:175,14
DA:176,14
DA:177,3
DA:178,3
DA:179,3
DA:180,3
DA:181,3
DA:182,3
DA:183,2
DA:184,3
DA:185,1
DA:186,1
DA:187,14
DA:188,11
DA:189,11
DA:190,14
DA:191,19
DA:192,1
DA:193,38
DA:194,38
DA:195,38
DA:196,38
DA:197,38
DA:198,38
DA:199,38
DA:200,38
DA:201,38
DA:202,38
DA:203,38
DA:204,38
DA:205,38
DA:206,38
DA:207,38
DA:208,38
DA:209,38
DA:210,38
DA:211,38
DA:212,38
DA:213,38
DA:214,38
DA:215,38
DA:216,38
DA:217,38
DA:218,38
DA:219,38
DA:220,38
DA:221,38
DA:222,38
DA:223,38
DA:224,38
DA:225,38
DA:226,38
DA:227,38
DA:228,38
DA:229,38
DA:230,38
DA:231,38
DA:232,38
DA:233,38
DA:234,38
DA:235,1
DA:236,38
DA:237,38
DA:238,38
DA:239,631
DA:240,3
DA:241,631
DA:242,628
DA:243,628
DA:244,631
DA:245,38
DA:246,38
DA:247,1
DA:248,14
DA:249,14
DA:250,0
DA:251,0
DA:252,14
DA:253,14
DA:254,14
DA:255,14
DA:256,14
DA:257,14
DA:258,14
DA:259,14
DA:260,14
DA:261,10
DA:262,10
DA:263,14
DA:264,14
DA:265,14
DA:266,14
DA:267,14
DA:268,14
DA:269,14
DA:270,14
DA:271,1
DA:272,1
DA:273,1
DA:274,1
DA:275,1
DA:276,1
DA:277,1
DA:278,1
DA:279,1
DA:280,1
DA:281,1
LF:281
LH:262
BRDA:10,0,0,10
BRDA:11,1,0,20
BRDA:12,2,0,9
BRDA:16,3,0,1
BRDA:20,4,0,10
BRDA:21,5,0,0
BRDA:29,6,0,5
BRDA:36,7,0,2
BRDA:41,8,0,3
BRDA:49,9,0,19
BRDA:50,10,0,0
BRDA:61,11,0,11
BRDA:69,12,0,2
BRDA:71,13,0,9
BRDA:74,14,0,8
BRDA:79,15,0,5
BRDA:82,16,0,0
BRDA:87,17,0,2
BRDA:90,18,0,0
BRDA:98,19,0,19
BRDA:99,20,0,0
BRDA:105,21,0,86
BRDA:106,22,0,6
BRDA:111,23,0,0
BRDA:116,24,0,4
BRDA:119,25,0,0
BRDA:125,26,0,0
BRDA:131,27,0,2
BRDA:133,28,0,12
BRDA:134,29,0,1
BRDA:141,30,0,0
BRDA:145,31,0,11
BRDA:147,32,0,1
BRDA:153,33,0,13
BRDA:157,34,0,19
BRDA:158,35,0,0
BRDA:166,36,0,5
BRDA:168,37,0,14
BRDA:176,38,0,3
BRDA:182,39,0,2
BRDA:184,40,0,1
BRDA:187,41,0,11
BRDA:193,42,0,38
BRDA:236,43,0,38
BRDA:238,44,0,631
BRDA:239,45,0,3
BRDA:241,46,0,628
BRDA:248,47,0,14
BRDA:249,48,0,0
BRDA:260,49,0,10
BRDA:258,50,0,42
BRF:51
BRH:40
end_of_record
